This file contains any messages produced by compilers while
running configure, to aid debugging if configure makes a mistake.

It was created by configure, which was
generated by GNU Autoconf 2.69.  Invocation command line was

  $ ./configure 

## --------- ##
## Platform. ##
## --------- ##

hostname = compilerHost
uname -m = i686
uname -r = 4.7.2-1-ARCH
uname -s = Linux
uname -v = #1 SMP PREEMPT Sat Aug 20 23:21:20 CEST 2016

/usr/bin/uname -p = unknown
/bin/uname -X     = unknown

/bin/arch              = unknown
/usr/bin/arch -k       = unknown
/usr/convex/getsysinfo = unknown
/usr/bin/hostinfo      = unknown
/bin/machine           = unknown
/usr/bin/oslevel       = unknown
/bin/universe          = unknown

PATH: /usr/local/sbin
PATH: /usr/local/bin
PATH: /usr/bin
PATH: /usr/bin/site_perl
PATH: /usr/bin/vendor_perl
PATH: /usr/bin/core_perl


## ----------- ##
## Core tests. ##
## ----------- ##

configure:1823: checking build system type
configure:1837: result: i686-pc-linux-gnu
configure:1857: checking host system type
configure:1870: result: i686-pc-linux-gnu
configure:1890: checking target system type
configure:1903: result: i686-pc-linux-gnu
configure:1957: checking for a BSD-compatible install
configure:2025: result: /usr/bin/install -c
configure:2036: checking whether build environment is sane
configure:2073: result: yes
configure:2135: checking for gawk
configure:2151: found /usr/bin/gawk
configure:2162: result: gawk
configure:2173: checking whether make sets $(MAKE)
configure:2195: result: yes
configure:2444: checking for ocamlc
configure:2460: found /usr/local/bin/ocamlc
configure:2472: result: yes
configure:2487: checking for OCaml version
configure:2490: result: 4.03.0
configure:2496: checking for OCaml library path
configure:2499: result: /usr/local/lib/ocaml
configure:2507: checking for ocamlopt
configure:2523: found /usr/local/bin/ocamlopt
configure:2535: result: yes
configure:2549: checking for ocamlopt version
configure:2552: result: 4.03.0
configure:2567: checking for ocamlc.opt
configure:2583: found /usr/local/bin/ocamlc.opt
configure:2595: result: yes
configure:2607: checking for ocamlc.opt version
configure:2610: result: 4.03.0
configure:2628: checking for ocamlopt.opt
configure:2644: found /usr/local/bin/ocamlopt.opt
configure:2656: result: yes
configure:2668: checking for ocamlopt.opt version
configure:2671: result: 4.03.0
configure:2689: checking for ocamldep
configure:2705: found /usr/local/bin/ocamldep
configure:2717: result: yes
configure:2734: checking for ocamlmktop
configure:2750: found /usr/local/bin/ocamlmktop
configure:2762: result: yes
configure:2780: checking for ocamlmklib
configure:2796: found /usr/local/bin/ocamlmklib
configure:2808: result: yes
configure:2826: checking for ocamldoc
configure:2842: found /usr/local/bin/ocamldoc
configure:2854: result: yes
configure:2871: checking for OCaml C compiler
configure:2875: result: gcc
configure:2879: checking for gcc
configure:2895: found /usr/bin/gcc
configure:2907: result: yes
configure:2931: checking whether the C compiler works
configure:2953: ocamlc.opt conftest.ml && ( rm -f conftest.cm?; test -f camlprog.exe && mv camlprog.exe a.exe || true )
configure:2957: $? = 0
configure:3005: result: yes
configure:3008: checking for C compiler default output file name
configure:3010: result: a.out
configure:3015: checking for suffix of executables
configure:3022: ocamlc.opt conftest.ml && ( rm -f conftest.cm?; test -f camlprog.exe && mv camlprog.exe a.exe || true )
configure:3026: $? = 0
configure:3048: result: 
configure:3076: checking for ocamllex
configure:3092: found /usr/local/bin/ocamllex
configure:3104: result: yes
configure:3119: checking for ocamllex.opt
configure:3135: found /usr/local/bin/ocamllex.opt
configure:3147: result: yes
configure:3165: checking for ocamlyacc
configure:3181: found /usr/local/bin/ocamlyacc
configure:3193: result: yes
configure:3215: checking for camlp4
configure:3231: found /usr/local/bin/camlp4
configure:3243: result: yes
configure:3257: checking for camlp4 version
configure:3260: result: 4.03.0
configure:3284: checking for camlp4o
configure:3300: found /usr/local/bin/camlp4o
configure:3312: result: yes
configure:3327: checking for camlp4of
configure:3343: found /usr/local/bin/camlp4of
configure:3355: result: yes
configure:3370: checking for camlp4r
configure:3386: found /usr/local/bin/camlp4r
configure:3398: result: yes
configure:3413: checking for camlp4rf
configure:3429: found /usr/local/bin/camlp4rf
configure:3441: result: yes
configure:3455: checking for CamlP4 library path
configure:3458: result: /usr/local/lib/ocaml/camlp4
configure:3492: checking for camlp5
configure:3508: found /usr/local/bin/camlp5
configure:3520: result: yes
configure:3534: checking for camlp5 version
configure:3537: result: Camlp5 version 6.16 (ocaml 4.03.0)
configure:3550: checking for camlp5o
configure:3566: found /usr/local/bin/camlp5o
configure:3578: result: yes
configure:3593: checking for camlp5r
configure:3609: found /usr/local/bin/camlp5r
configure:3621: result: yes
configure:3635: checking for CamlP5 library path
configure:3638: result: /usr/local/lib/ocaml/camlp5
configure:3676: checking for ocamlfind
configure:3692: found /usr/local/bin/ocamlfind
configure:3704: result: yes
configure:3807: checking for pa_extend (pa_extend.cmo)
configure:3813: result: found
configure:3867: checking for pa_extend (pa_extend.cmo)
configure:3873: result: found
configure:3923: checking for pa_pprintf (pa_pprintf.cmo)
configure:3929: result: found
configure:3979: checking for q_MLast (q_MLast.cmo)
configure:3985: result: found
configure:4035: checking for Pr_o (pr_o.cmo)
configure:4041: result: found
configure:4091: checking for logger (pa_log.cmo)
configure:4097: result: found
configure:4147: checking for ostap (pa_ostap.cmo)
configure:4153: result: found
configure:4203: checking for GT (pa_gt.cmo)
configure:4209: result: found
configure:4259: checking for MiniKanren (pa_minikanren.cmo)
configure:4265: result: found
configure:4319: checking for re (Re_str)
configure:4346: result: adding -I /usr/local/lib/ocaml/site-lib/re
configure:4365: checking for GT (GT)
configure:4392: result: adding -I /usr/local/lib/ocaml/site-lib/GT
configure:4411: checking for MiniKanren (MiniKanren)
configure:4438: result: adding -I /usr/local/lib/ocaml/site-lib/MiniKanren
configure:4457: checking for ostap (Ostap)
configure:4464: result: adding -I /usr/local/lib/ocaml/site-lib/ostap ostap.cmo
configure:4667: creating ./config.status

## ---------------------- ##
## Running config.status. ##
## ---------------------- ##

This file was extended by config.status, which was
generated by GNU Autoconf 2.69.  Invocation command line was

  CONFIG_FILES    = 
  CONFIG_HEADERS  = 
  CONFIG_LINKS    = 
  CONFIG_COMMANDS = 
  $ ./config.status 

on compilerHost

config.status:814: creating Makefile
config.status:814: creating src/Makefile

## ---------------- ##
## Cache variables. ##
## ---------------- ##

ac_cv_build=i686-pc-linux-gnu
ac_cv_env_build_alias_set=
ac_cv_env_build_alias_value=
ac_cv_env_host_alias_set=
ac_cv_env_host_alias_value=
ac_cv_env_target_alias_set=
ac_cv_env_target_alias_value=
ac_cv_host=i686-pc-linux-gnu
ac_cv_path_install='/usr/bin/install -c'
ac_cv_prog_AWK=gawk
ac_cv_prog_have_camlp4=yes
ac_cv_prog_have_camlp4o=yes
ac_cv_prog_have_camlp4of=yes
ac_cv_prog_have_camlp4r=yes
ac_cv_prog_have_camlp4rf=yes
ac_cv_prog_have_camlp5=yes
ac_cv_prog_have_camlp5o=yes
ac_cv_prog_have_camlp5r=yes
ac_cv_prog_have_ocamlc=yes
ac_cv_prog_have_ocamlcc=yes
ac_cv_prog_have_ocamlcdotopt=yes
ac_cv_prog_have_ocamldep=yes
ac_cv_prog_have_ocamldoc=yes
ac_cv_prog_have_ocamlfind=yes
ac_cv_prog_have_ocamllex=yes
ac_cv_prog_have_ocamllexdotopt=yes
ac_cv_prog_have_ocamlmklib=yes
ac_cv_prog_have_ocamlmktop=yes
ac_cv_prog_have_ocamlopt=yes
ac_cv_prog_have_ocamloptdotopt=yes
ac_cv_prog_have_ocamlyacc=yes
ac_cv_prog_make_make_set=yes
ac_cv_target=i686-pc-linux-gnu

## ----------------- ##
## Output variables. ##
## ----------------- ##

ACLOCAL='${SHELL} /home/me/sample-compiler/config/missing --run aclocal-1.9'
AMTAR='${SHELL} /home/me/sample-compiler/config/missing --run tar'
AUTOCONF='${SHELL} /home/me/sample-compiler/config/missing --run autoconf'
AUTOHEADER='${SHELL} /home/me/sample-compiler/config/missing --run autoheader'
AUTOMAKE='${SHELL} /home/me/sample-compiler/config/missing --run automake-1.9'
AWK='gawk'
BFLAGS='$(AM_BFLAGS)'
CAMLP4='camlp4'
CAMLP4LIB='/usr/local/lib/ocaml/camlp4'
CAMLP4O='camlp4o'
CAMLP4OF='camlp4of'
CAMLP4R='camlp4r'
CAMLP4RF='camlp4rf'
CAMLP4_FALSE='#'
CAMLP4_TRUE=''
CAMLP5='camlp5'
CAMLP5LIB='/usr/local/lib/ocaml/camlp5'
CAMLP5O='camlp5o'
CAMLP5R='camlp5r'
CAMLP5_FALSE='#'
CAMLP5_TRUE=''
CFLAGS=''
CYGPATH_W='echo'
DEBUG=''
DEFS='-DPACKAGE_NAME=\"\" -DPACKAGE_TARNAME=\"\" -DPACKAGE_VERSION=\"\" -DPACKAGE_STRING=\"\" -DPACKAGE_BUGREPORT=\"\" -DPACKAGE_URL=\"\"'
ECHO_C=''
ECHO_N='-n'
ECHO_T=''
EXEEXT=''
EXTRA_CMA=' re.cma re_posix.cma re_perl.cma re_pcre.cma re_glob.cma re_emacs.cma re_str.cma GT.cma MiniKanren.cma ostap.cmo'
HAVE_OCAMLFIND_FALSE='#'
HAVE_OCAMLFIND_TRUE=''
INSTALL_DATA='${INSTALL} -m 644'
INSTALL_PROGRAM='${INSTALL}'
INSTALL_SCRIPT='${INSTALL}'
INSTALL_STRIP_PROGRAM='${SHELL} $(install_sh) -c -s'
LIBOBJS=''
LIBS=''
LOG=''
LTLIBOBJS=''
MAKEINFO='${SHELL} /home/me/sample-compiler/config/missing --run makeinfo'
META='/usr/local/lib/ocaml/site-lib/ostap/META'
MINGW32_FALSE=''
MINGW32_TRUE='#'
MODULE_INCLUDES=' -I /usr/local/lib/ocaml/site-lib/re -I /usr/local/lib/ocaml/site-lib/GT -I /usr/local/lib/ocaml/site-lib/MiniKanren -I /usr/local/lib/ocaml/site-lib/ostap'
OCAMLC='ocamlc.opt'
OCAMLDEP='ocamldep'
OCAMLDOC='ocamldoc'
OCAMLDSORT='echo'
OCAMLFIND='ocamlfind'
OCAMLLEX='ocamllex.opt'
OCAMLLIB='/usr/local/lib/ocaml'
OCAMLMKLIB='ocamlmklib'
OCAMLMKTOP='ocamlmktop'
OCAMLOPT='ocamlopt.opt'
OCAMLVERSION='4.03.0'
OCAMLYACC='ocamlyacc'
OFLAGS='$(AM_OFLAGS)'
P4FLAGS='$(AM_P4FLAGS)'
P5FLAGS='$(AM_P5FLAGS)'
PACKAGE='RC'
PACKAGE_BUGREPORT=''
PACKAGE_NAME=''
PACKAGE_STRING=''
PACKAGE_TARNAME=''
PACKAGE_URL=''
PACKAGE_VERSION=''
PARSER_INCLUDES=''
PATH_SEPARATOR=':'
SET_MAKE=''
SHELL='/bin/sh'
SITELIBDIR=''
STRIP=''
VERSION=''
ac_aux_dir='config'
am__leading_dot='.'
am__tar='${AMTAR} chof - "$$tardir"'
am__untar='${AMTAR} xf -'
bindir='${exec_prefix}/bin'
build='i686-pc-linux-gnu'
build_alias=''
build_cpu='i686'
build_os='linux-gnu'
build_vendor='pc'
datadir='${datarootdir}'
datarootdir='${prefix}/share'
docdir='${datarootdir}/doc/${PACKAGE}'
dvidir='${docdir}'
exec_prefix='${prefix}'
have_camlp4='yes'
have_camlp4o='yes'
have_camlp4of='yes'
have_camlp4r='yes'
have_camlp4rf='yes'
have_camlp5='yes'
have_camlp5o='yes'
have_camlp5r='yes'
have_ocamlc='yes'
have_ocamlcc='yes'
have_ocamlcdotopt='yes'
have_ocamldep='yes'
have_ocamldoc='yes'
have_ocamldsort=''
have_ocamlfind='yes'
have_ocamllex='yes'
have_ocamllexdotopt='yes'
have_ocamlmklib='yes'
have_ocamlmktop='yes'
have_ocamlopt='yes'
have_ocamloptdotopt='yes'
have_ocamlyacc='yes'
host='i686-pc-linux-gnu'
host_alias=''
host_cpu='i686'
host_os='linux-gnu'
host_vendor='pc'
htmldir='${docdir}'
includedir='${prefix}/include'
infodir='${datarootdir}/info'
install_sh='/home/me/sample-compiler/config/install-sh'
libdir='${exec_prefix}/lib'
libexecdir='${exec_prefix}/libexec'
localedir='${datarootdir}/locale'
localstatedir='${prefix}/var'
mandir='${datarootdir}/man'
mkdir_p='mkdir -p --'
oldincludedir='/usr/include'
pdfdir='${docdir}'
prefix='/usr/local'
program_transform_name='s,x,x,'
psdir='${docdir}'
sbindir='${exec_prefix}/sbin'
sharedstatedir='${prefix}/com'
sysconfdir='${prefix}/etc'
target='i686-pc-linux-gnu'
target_alias=''
target_cpu='i686'
target_os='linux-gnu'
target_vendor='pc'

## ----------- ##
## confdefs.h. ##
## ----------- ##

/* confdefs.h */
#define PACKAGE_NAME ""
#define PACKAGE_TARNAME ""
#define PACKAGE_VERSION ""
#define PACKAGE_STRING ""
#define PACKAGE_BUGREPORT ""
#define PACKAGE_URL ""

configure: exit 0
